0 verbose cli /usr/bin/node /usr/bin/npm
1 info using npm@11.6.2
2 info using node@v24.11.1
3 silly config load:file:/usr/lib/node_modules/npm/npmrc
4 silly config load:file:/app/.npmrc
5 silly config load:file:/root/.npmrc
6 silly config load:file:/usr/etc/npmrc
7 verbose title npm install
8 verbose argv "install" "--no-audit" "--no-fund"
9 verbose logfile logs-max:10 dir:/app/.npm-cache/_logs/2025-12-29T07_48_48_834Z-
10 verbose logfile /app/.npm-cache/_logs/2025-12-29T07_48_48_834Z-debug-0.log
11 silly logfile start cleaning logs, removing 1 files
12 silly packumentCache heap:4496293888 maxSize:1124073472 maxEntrySize:562036736
13 silly logfile done cleaning log files
14 verbose shrinkwrap failed to load node_modules/.package-lock.json out of date, updated: node_modules
15 silly idealTree buildDeps
16 silly reify moves {}
17 verbose cwd /app
18 verbose os Linux 5.15.0-138-generic
19 verbose node v24.11.1
20 verbose npm  v11.6.2
21 verbose exit 0
22 info ok
